0 info it worked if it ends with ok
1 verbose cli [ 'node', '/usr/local/bin/npm', 'install', '-g', 'firebase-tools' ]
2 info using npm@2.5.1
3 info using node@v0.12.0
4 silly cache add args [ 'firebase-tools', null ]
5 verbose cache add spec firebase-tools
6 silly cache add parsed spec { raw: 'firebase-tools',
6 silly cache add   scope: null,
6 silly cache add   name: 'firebase-tools',
6 silly cache add   rawSpec: '',
6 silly cache add   spec: '*',
6 silly cache add   type: 'range' }
7 verbose addNamed firebase-tools@*
8 silly addNamed semver.valid null
9 silly addNamed semver.validRange *
10 silly addNameRange { name: 'firebase-tools', range: '*', hasData: false }
11 silly mapToRegistry name firebase-tools
12 silly mapToRegistry using default registry
13 silly mapToRegistry registry https://registry.npmjs.org/
14 silly mapToRegistry uri https://registry.npmjs.org/firebase-tools
15 verbose addNameRange registry:https://registry.npmjs.org/firebase-tools not in flight; fetching
16 verbose request uri https://registry.npmjs.org/firebase-tools
17 verbose request no auth needed
18 info attempt registry request try #1 at 8:45:29 PM
19 verbose request id 0967582b0cc46e2a
20 http request GET https://registry.npmjs.org/firebase-tools
21 http 200 https://registry.npmjs.org/firebase-tools
22 silly get cb [ 200,
22 silly get   { server: 'CouchDB/1.5.0 (Erlang OTP/R16B03)',
22 silly get     etag: '"EY8UCVJI3K8PBDROOB4OR6A44"',
22 silly get     'content-type': 'application/json',
22 silly get     'cache-control': 'max-age=60',
22 silly get     'content-length': '41974',
22 silly get     'accept-ranges': 'bytes',
22 silly get     date: 'Wed, 24 Jun 2015 03:45:21 GMT',
22 silly get     via: '1.1 varnish',
22 silly get     age: '0',
22 silly get     connection: 'keep-alive',
22 silly get     'x-served-by': 'cache-jfk1023-JFK',
22 silly get     'x-cache': 'MISS',
22 silly get     'x-cache-hits': '0',
22 silly get     'x-timer': 'S1435117521.370162,VS0,VE424',
22 silly get     vary: 'Accept' } ]
23 verbose get saving firebase-tools to /Users/thomas/.npm/registry.npmjs.org/firebase-tools/.cache.json
24 silly addNameRange number 2 { name: 'firebase-tools', range: '*', hasData: true }
25 silly addNameRange versions [ 'firebase-tools',
25 silly addNameRange   [ '0.0.1',
25 silly addNameRange     '0.0.2',
25 silly addNameRange     '0.0.3',
25 silly addNameRange     '0.0.4',
25 silly addNameRange     '0.0.5',
25 silly addNameRange     '0.0.6',
25 silly addNameRange     '0.1.0',
25 silly addNameRange     '0.1.1',
25 silly addNameRange     '0.1.2',
25 silly addNameRange     '0.1.3',
25 silly addNameRange     '0.1.4',
25 silly addNameRange     '0.1.5',
25 silly addNameRange     '0.1.6',
25 silly addNameRange     '0.2.0',
25 silly addNameRange     '0.3.0',
25 silly addNameRange     '0.4.0',
25 silly addNameRange     '0.5.0',
25 silly addNameRange     '1.0.0',
25 silly addNameRange     '1.0.1',
25 silly addNameRange     '1.0.2',
25 silly addNameRange     '1.0.3',
25 silly addNameRange     '1.0.4',
25 silly addNameRange     '1.0.5',
25 silly addNameRange     '1.0.6',
25 silly addNameRange     '1.1.0',
25 silly addNameRange     '1.1.1',
25 silly addNameRange     '1.1.2',
25 silly addNameRange     '1.1.3',
25 silly addNameRange     '1.1.4',
25 silly addNameRange     '1.1.5',
25 silly addNameRange     '1.1.6',
25 silly addNameRange     '1.2.0' ] ]
26 verbose addNamed firebase-tools@1.2.0
27 silly addNamed semver.valid 1.2.0
28 silly addNamed semver.validRange 1.2.0
29 silly mapToRegistry name firebase-tools
30 silly mapToRegistry using default registry
31 silly mapToRegistry registry https://registry.npmjs.org/
32 silly mapToRegistry uri https://registry.npmjs.org/firebase-tools
33 verbose addRemoteTarball https://registry.npmjs.org/firebase-tools/-/firebase-tools-1.2.0.tgz not in flight; adding
34 verbose addRemoteTarball [ 'https://registry.npmjs.org/firebase-tools/-/firebase-tools-1.2.0.tgz',
34 verbose addRemoteTarball   'a54068fdd5d04d6299f7554ec55988d396b44274' ]
35 info retry fetch attempt 1 at 8:45:30 PM
36 info attempt registry request try #1 at 8:45:30 PM
37 http fetch GET https://registry.npmjs.org/firebase-tools/-/firebase-tools-1.2.0.tgz
38 http fetch 200 https://registry.npmjs.org/firebase-tools/-/firebase-tools-1.2.0.tgz
39 silly fetchAndShaCheck shasum a54068fdd5d04d6299f7554ec55988d396b44274
40 verbose addTmpTarball /var/folders/5b/znpkdq9n1z5110mf6s_ztqf00000gn/T/npm-27872-c84fdd8c/registry.npmjs.org/firebase-tools/-/firebase-tools-1.2.0.tgz not in flight; adding
41 verbose addTmpTarball already have metadata; skipping unpack for firebase-tools@1.2.0
42 silly cache afterAdd firebase-tools@1.2.0
43 verbose afterAdd /Users/thomas/.npm/firebase-tools/1.2.0/package/package.json not in flight; writing
44 verbose afterAdd /Users/thomas/.npm/firebase-tools/1.2.0/package/package.json written
45 silly install resolved [ { name: 'firebase-tools',
45 silly install resolved     description: 'Firebase command line tools',
45 silly install resolved     version: '1.2.0',
45 silly install resolved     author:
45 silly install resolved      { name: 'Firebase',
45 silly install resolved        email: 'support@firebase.com',
45 silly install resolved        url: 'https://www.firebase.com/' },
45 silly install resolved     homepage: 'https://github.com/firebase/firebase-tools/',
45 silly install resolved     repository:
45 silly install resolved      { type: 'git',
45 silly install resolved        url: 'https://github.com/firebase/firebase-tools.git' },
45 silly install resolved     bugs: { url: 'https://github.com/firebase/firebase-tools/issues' },
45 silly install resolved     licenses: [ [Object] ],
45 silly install resolved     keywords:
45 silly install resolved      [ 'cdn',
45 silly install resolved        'cli',
45 silly install resolved        'ssl',
45 silly install resolved        'cloud',
45 silly install resolved        'hosting',
45 silly install resolved        'firebase',
45 silly install resolved        'realtime',
45 silly install resolved        'websockets',
45 silly install resolved        'synchronization' ],
45 silly install resolved     preferGlobal: true,
45 silly install resolved     bin: { firebase: './bin/firebase' },
45 silly install resolved     engines: { node: '>=0.10.0' },
45 silly install resolved     engineStrict: true,
45 silly install resolved     files: [ 'bin/**', 'lib/**', 'LICENSE', 'README.md', 'package.json' ],
45 silly install resolved     dependencies:
45 silly install resolved      { chalk: '0.5.x',
45 silly install resolved        filesize: '3.1.2',
45 silly install resolved        firebase: '2.2.x',
45 silly install resolved        'fstream-ignore': '1.0.x',
45 silly install resolved        open: '0.0.x',
45 silly install resolved        optimist: '0.6.x',
45 silly install resolved        progress: '1.1.x',
45 silly install resolved        prompt: '0.2.x',
45 silly install resolved        request: '2.51.x',
45 silly install resolved        'source-map-support': '0.2.7',
45 silly install resolved        'source-processor': '0.0.7',
45 silly install resolved        tar: '1.0.x',
45 silly install resolved        when: '3.6.x' },
45 silly install resolved     devDependencies:
45 silly install resolved      { chai: '^1.10.0',
45 silly install resolved        coveralls: '2.11.2',
45 silly install resolved        gulp: '3.8.10',
45 silly install resolved        'gulp-exit': '0.0.2',
45 silly install resolved        'gulp-istanbul': '0.5.0',
45 silly install resolved        'gulp-jshint': '1.9.0',
45 silly install resolved        'gulp-mocha': '2.0.0',
45 silly install resolved        'jshint-stylish': '1.0.0' },
45 silly install resolved     scripts: { test: 'gulp test', travis: 'gulp' },
45 silly install resolved     gitHead: '539faf6b0871142371ed03af574d2052356fe804',
45 silly install resolved     _id: 'firebase-tools@1.2.0',
45 silly install resolved     _shasum: 'a54068fdd5d04d6299f7554ec55988d396b44274',
45 silly install resolved     _from: 'firebase-tools@*',
45 silly install resolved     _npmVersion: '2.7.5',
45 silly install resolved     _nodeVersion: '0.10.38',
45 silly install resolved     _npmUser: { name: 'firebase', email: 'operations@firebase.com' },
45 silly install resolved     maintainers: [ [Object] ],
45 silly install resolved     dist:
45 silly install resolved      { shasum: 'a54068fdd5d04d6299f7554ec55988d396b44274',
45 silly install resolved        tarball: 'http://registry.npmjs.org/firebase-tools/-/firebase-tools-1.2.0.tgz' },
45 silly install resolved     directories: {},
45 silly install resolved     _resolved: 'https://registry.npmjs.org/firebase-tools/-/firebase-tools-1.2.0.tgz' } ]
46 info install firebase-tools@1.2.0 into /usr/local/lib
47 info installOne firebase-tools@1.2.0
48 verbose installOne of firebase-tools to /usr/local/lib not in flight; installing
49 verbose lock using /Users/thomas/.npm/_locks/firebase-tools-10d1b8d676fd02fa.lock for /usr/local/lib/node_modules/firebase-tools
50 silly install write writing firebase-tools 1.2.0 to /usr/local/lib/node_modules/firebase-tools
51 silly cache addNamed cb firebase-tools@1.2.0
52 verbose unbuild lib/node_modules/firebase-tools
53 verbose gentlyRm vacuuming /usr/local/lib/node_modules/firebase-tools
54 verbose tar unpack /Users/thomas/.npm/firebase-tools/1.2.0/package.tgz
55 verbose tar unpacking to /usr/local/lib/node_modules/firebase-tools
56 verbose gentlyRm vacuuming /usr/local/lib/node_modules/firebase-tools
57 silly gunzTarPerm modes [ '775', '664' ]
58 error tar.unpack untar error /Users/thomas/.npm/firebase-tools/1.2.0/package.tgz
59 verbose unlock done using /Users/thomas/.npm/_locks/firebase-tools-10d1b8d676fd02fa.lock for /usr/local/lib/node_modules/firebase-tools
60 verbose fstream_path /usr/local/lib/node_modules/firebase-tools
61 verbose fstream_type Directory
62 verbose fstream_class DirWriter
63 verbose stack Error: EACCES, mkdir '/usr/local/lib/node_modules/firebase-tools'
63 verbose stack     at Error (native)
64 verbose fstream_stack /usr/local/lib/node_modules/npm/node_modules/fstream/lib/dir-writer.js:36:23
64 verbose fstream_stack /usr/local/lib/node_modules/npm/node_modules/mkdirp/index.js:46:53
64 verbose fstream_stack FSReqWrap.oncomplete (fs.js:99:15)
65 verbose cwd /Users/thomas/dev/meerkat
66 error Darwin 14.3.0
67 error argv "node" "/usr/local/bin/npm" "install" "-g" "firebase-tools"
68 error node v0.12.0
69 error npm  v2.5.1
70 error path /usr/local/lib/node_modules/firebase-tools
71 error code EACCES
72 error errno -13
73 error Error: EACCES, mkdir '/usr/local/lib/node_modules/firebase-tools'
73 error     at Error (native)
73 error  { [Error: EACCES, mkdir '/usr/local/lib/node_modules/firebase-tools']
73 error   errno: -13,
73 error   code: 'EACCES',
73 error   path: '/usr/local/lib/node_modules/firebase-tools',
73 error   fstream_type: 'Directory',
73 error   fstream_path: '/usr/local/lib/node_modules/firebase-tools',
73 error   fstream_class: 'DirWriter',
73 error   fstream_stack:
73 error    [ '/usr/local/lib/node_modules/npm/node_modules/fstream/lib/dir-writer.js:36:23',
73 error      '/usr/local/lib/node_modules/npm/node_modules/mkdirp/index.js:46:53',
73 error      'FSReqWrap.oncomplete (fs.js:99:15)' ] }
74 error Please try running this command again as root/Administrator.
75 verbose exit [ -13, true ]
76 verbose unbuild lib/node_modules/firebase-tools
77 verbose gentlyRm vacuuming /usr/local/lib/node_modules/firebase-tools
